22:21:15 **** Incremental Build of configuration Debug for project TP1Archive ****
make all 
Building file: ../SystemeExpert.cpp
Invoking: GCC C++ Compiler
g++ -std=c++0x -O0 -g3 -Wall -c -fmessage-length=0 -MMD -MP -MF"SystemeExpert.d" -MT"SystemeExpert.o" -o "SystemeExpert.o" "../SystemeExpert.cpp"
../SystemeExpert.cpp: In member function ‘void tp1::SystemeExpert::chargerSE(std::ifstream&)’:
../SystemeExpert.cpp:106:15: warning: unused variable ‘a’ [-Wunused-variable]
       Regle * a = new Regle;
               ^
../SystemeExpert.cpp: In member function ‘tp1::SystemeExpert& tp1::SystemeExpert::operator=(const tp1::SystemeExpert&)’:
../SystemeExpert.cpp:58:2: warning: control reaches end of non-void function [-Wreturn-type]
  }
  ^
Finished building: ../SystemeExpert.cpp
 
Building target: libTP1Archive.a
Invoking: GCC Archiver
ar -r  "libTP1Archive.a"  ./Regle.o ./SystemeExpert.o   
ar: création de libTP1Archive.a
Finished building target: libTP1Archive.a
 

22:21:17 Build Finished (took 2s.299ms)

